[debug] [2022-05-16T15:24:07.501Z] ----------------------------------------------------------------------
[debug] [2022-05-16T15:24:07.503Z] Command:       C:\Program Files\nodejs\node.exe C:\Users\JATIN SINGH\AppData\Roaming\npm\node_modules\firebase-tools\lib\bin\firebase.js init
[debug] [2022-05-16T15:24:07.503Z] CLI Version:   10.9.2
[debug] [2022-05-16T15:24:07.504Z] Platform:      win32
[debug] [2022-05-16T15:24:07.504Z] Node Version:  v16.14.2
[debug] [2022-05-16T15:24:07.504Z] Time:          Mon May 16 2022 20:54:07 GMT+0530 (India Standard Time)
[debug] [2022-05-16T15:24:07.505Z] ----------------------------------------------------------------------
[debug] 
[debug] [2022-05-16T15:24:07.580Z] > command requires scopes: ["email","openid","https://www.googleapis.com/auth/cloudplatformprojects.readonly","https://www.googleapis.com/auth/firebase","https://www.googleapis.com/auth/cloud-platform"]
[debug] [2022-05-16T15:24:07.581Z] > authorizing via signed-in user (singhjatin0812@gmail.com)
[info] 
     ######## #### ########  ######## ########     ###     ######  ########
     ##        ##  ##     ## ##       ##     ##  ##   ##  ##       ##
     ######    ##  ########  ######   ########  #########  ######  ######
     ##        ##  ##    ##  ##       ##     ## ##     ##       ## ##
     ##       #### ##     ## ######## ########  ##     ##  ######  ########

You're about to initialize a Firebase project in this directory:

  C:\Users\JATIN SINGH\netflix-clone\netflix-clone-project

Before we get started, keep in mind:

  * You are initializing within an existing Firebase project directory

[debug] [2022-05-16T15:25:17.805Z] Error: kill ENOSYS
    at process.kill (node:internal/process/per_thread:220:13)
    at process.listener (C:\Users\JATIN SINGH\AppData\Roaming\npm\node_modules\firebase-tools\node_modules\signal-exit\index.js:95:15)
    at process.emit (node:events:526:28)
